<?xml version="1.0" encoding="UTF-8"?>
<!-- Generated by org.testng.reporters.JUnitReportReporter -->
<testsuite hostname="pc-5.home" failures="0" tests="1" name="com.omayoproject.leftpagetest.UnorderedListTest" time="0.341" errors="0" timestamp="2023-11-25T16:50:40 EET" skipped="0">
  <testcase classname="com.omayoproject.leftpagetest.UnorderedListTest" name="unOrderedListTest" time="0.341"/>
  <system-out/>
</testsuite> <!-- com.omayoproject.leftpagetest.UnorderedListTest -->
