<?xml version="1.0" encoding="UTF-8"?>
<!-- Generated by org.testng.reporters.JUnitReportReporter -->
<testsuite hostname="pc-5.home" failures="0" tests="1" name="com.omayoproject.leftpagetest.OpenNewWindowTest" time="15.533" errors="0" timestamp="2023-11-22T13:28:42 EET" skipped="0">
  <testcase classname="com.omayoproject.leftpagetest.OpenNewWindowTest" name="openNewWindowTest" time="15.533"/>
  <system-out/>
</testsuite> <!-- com.omayoproject.leftpagetest.OpenNewWindowTest -->
