<?xml version="1.0" encoding="UTF-8"?>
<!-- Generated by org.testng.reporters.JUnitReportReporter -->
<testsuite hostname="pc-5.home" failures="0" tests="1" name="com.omayoproject.leftpagetest.PopupWindowTest" time="1.557" errors="0" timestamp="2023-11-25T20:43:48 EET" skipped="0">
  <testcase classname="com.omayoproject.leftpagetest.PopupWindowTest" name="popupWindowTest" time="1.557"/>
  <system-out/>
</testsuite> <!-- com.omayoproject.leftpagetest.PopupWindowTest -->
