<?xml version="1.0" encoding="UTF-8"?>
<!-- Generated by org.testng.reporters.JUnitReportReporter -->
<testsuite hostname="pc-5.home" failures="0" tests="2" name="com.omayoproject.rightpagetest.RadioOptionsTest" time="6.602" errors="0" timestamp="2023-11-30T18:45:09 EET" skipped="0">
  <testcase classname="com.omayoproject.rightpagetest.RadioOptionsTest" name="radioMaleOptionTest" time="3.212"/>
  <system-out/>
  <testcase classname="com.omayoproject.rightpagetest.RadioOptionsTest" name="radioFemaleOptionTest" time="3.390"/>
  <system-out/>
</testsuite> <!-- com.omayoproject.rightpagetest.RadioOptionsTest -->
