<?xml version="1.0" encoding="UTF-8"?>
<!-- Generated by org.testng.reporters.JUnitReportReporter -->
<testsuite hostname="pc-5.home" failures="0" tests="1" name="com.omayoproject.leftpagetest.TextBoxWithPreloadedTextTest" time="0.696" errors="0" timestamp="2023-11-25T16:51:28 EET" skipped="0">
  <testcase classname="com.omayoproject.leftpagetest.TextBoxWithPreloadedTextTest" name="TextBoxTest" time="0.696"/>
  <system-out/>
</testsuite> <!-- com.omayoproject.leftpagetest.TextBoxWithPreloadedTextTest -->
