<?xml version="1.0" encoding="UTF-8"?>
<!-- Generated by org.testng.reporters.JUnitReportReporter -->
<testsuite hostname="pc-5.home" failures="0" tests="1" name="com.omayoproject.rightpagetest.AlertDemoTest" time="2.533" errors="0" timestamp="2023-12-03T21:53:32 EET" skipped="0">
  <testcase classname="com.omayoproject.rightpagetest.AlertDemoTest" name="alertTest" time="2.533"/>
  <system-out/>
</testsuite> <!-- com.omayoproject.rightpagetest.AlertDemoTest -->
