<?xml version="1.0" encoding="UTF-8"?>
<!-- Generated by org.testng.reporters.JUnitReportReporter -->
<testsuite skipped="0" hostname="pc-37.home" name="com.omayoproject.centerpagetest.TextAreaFieldTest" tests="1" failures="0" timestamp="2023-11-12T10:40:12 EET" time="4.390" errors="0">
  <testcase name="textAreaFiledTest" time="4.390" classname="com.omayoproject.centerpagetest.TextAreaFieldTest"/>
  <system-out/>
</testsuite> <!-- com.omayoproject.centerpagetest.TextAreaFieldTest -->
