<?xml version="1.0" encoding="UTF-8"?>
<!-- Generated by org.testng.reporters.JUnitReportReporter -->
<testsuite hostname="pc-37.home" failures="0" tests="1" name="com.omayoproject.centerpagetest.TextAreaFieldTwoTest" time="4.501" errors="0" timestamp="2023-11-12T13:16:18 EET" skipped="0">
  <testcase classname="com.omayoproject.centerpagetest.TextAreaFieldTwoTest" name="textAreaFieldTwoTest" time="4.501"/>
  <system-out/>
</testsuite> <!-- com.omayoproject.centerpagetest.TextAreaFieldTwoTest -->
