<?xml version="1.0" encoding="UTF-8"?>
<!-- Generated by org.testng.reporters.JUnitReportReporter -->
<testsuite hostname="pc-5.home" failures="0" tests="2" name="com.omayoproject.rightpagetest.ConfirmationDialogTest" time="6.615" errors="0" timestamp="2023-12-05T20:30:12 EET" skipped="0">
  <testcase classname="com.omayoproject.rightpagetest.ConfirmationDialogTest" name="getConfirmationAcceptTest" time="3.409"/>
  <system-out/>
  <testcase classname="com.omayoproject.rightpagetest.ConfirmationDialogTest" name="getConfirmationCancelTest" time="3.206"/>
  <system-out/>
</testsuite> <!-- com.omayoproject.rightpagetest.ConfirmationDialogTest -->
