<?xml version="1.0" encoding="UTF-8"?>
<!-- Generated by org.testng.reporters.JUnitReportReporter -->
<testsuite hostname="pc-5.home" failures="0" tests="1" name="com.omayoproject.leftpagetest.EnableAndDisableTest" time="0.316" errors="0" timestamp="2023-11-22T11:45:56 EET" skipped="0">
  <testcase classname="com.omayoproject.leftpagetest.EnableAndDisableTest" name="enableTest" time="0.316"/>
  <system-out/>
</testsuite> <!-- com.omayoproject.leftpagetest.EnableAndDisableTest -->
