<?xml version="1.0" encoding="UTF-8"?>
<!-- Generated by org.testng.reporters.JUnitReportReporter -->
<testsuite hostname="pc-5.home" failures="0" tests="1" name="com.omayoproject.leftpagetest.TryItButtonTest" time="4.445" errors="0" timestamp="2023-11-25T21:04:03 EET" skipped="0">
  <testcase classname="com.omayoproject.leftpagetest.TryItButtonTest" name="tryItButtonTest" time="4.445"/>
  <system-out/>
</testsuite> <!-- com.omayoproject.leftpagetest.TryItButtonTest -->
