<?xml version="1.0" encoding="UTF-8"?>
<!-- Generated by org.testng.reporters.JUnitReportReporter -->
<testsuite hostname="pc-5.home" failures="0" tests="1" name="com.omayoproject.leftpagetest.UploadFileTest" time="0.379" errors="0" timestamp="2023-11-25T16:56:34 EET" skipped="0">
  <testcase classname="com.omayoproject.leftpagetest.UploadFileTest" name="uploadFileTest" time="0.379"/>
  <system-out/>
</testsuite> <!-- com.omayoproject.leftpagetest.UploadFileTest -->
