<?xml version="1.0" encoding="UTF-8"?>
<!-- Generated by org.testng.reporters.JUnitReportReporter -->
<testsuite hostname="pc-5.home" failures="0" tests="1" name="com.omayoproject.rightpagetest.HiddenButtonTest" time="0.182" errors="0" timestamp="2023-11-30T18:40:07 EET" skipped="0">
  <testcase classname="com.omayoproject.rightpagetest.HiddenButtonTest" name="findHiddenButtonTest" time="0.182"/>
  <system-out/>
</testsuite> <!-- com.omayoproject.rightpagetest.HiddenButtonTest -->
