<?xml version="1.0" encoding="UTF-8"?>
<!-- Generated by org.testng.reporters.JUnitReportReporter -->
<testsuite hostname="pc-5.home" failures="0" tests="1" name="com.omayoproject.rightpagetest.OtherSitesToPracticeTest" time="29.063" errors="0" timestamp="2023-12-05T10:34:12 EET" skipped="0">
  <testcase classname="com.omayoproject.rightpagetest.OtherSitesToPracticeTest" name="otherSitesTest" time="29.063"/>
  <system-out/>
</testsuite> <!-- com.omayoproject.rightpagetest.OtherSitesToPracticeTest -->
