<?xml version="1.0" encoding="UTF-8"?>
<!-- Generated by org.testng.reporters.JUnitReportReporter -->
<testsuite hostname="pc-5.home" failures="0" tests="1" name="com.omayoproject.leftpagetest.MultiSelectionBoxTest" time="3.441" errors="0" timestamp="2023-11-21T11:02:17 EET" skipped="0">
  <testcase classname="com.omayoproject.leftpagetest.MultiSelectionBoxTest" name="multiSelectionBoxTest" time="3.441"/>
  <system-out/>
</testsuite> <!-- com.omayoproject.leftpagetest.MultiSelectionBoxTest -->
