<?xml version="1.0" encoding="UTF-8"?>
<!-- Generated by org.testng.reporters.JUnitReportReporter -->
<testsuite hostname="pc-5.home" failures="0" tests="1" name="com.omayoproject.leftpagetest.ButtonWithSameNameTest" time="0.731" errors="0" timestamp="2023-11-21T11:19:30 EET" skipped="0">
  <testcase classname="com.omayoproject.leftpagetest.ButtonWithSameNameTest" name="buttonWithSameNameTest" time="0.731"/>
  <system-out/>
</testsuite> <!-- com.omayoproject.leftpagetest.ButtonWithSameNameTest -->
