<?xml version="1.0" encoding="UTF-8"?>
<!-- Generated by org.testng.reporters.JUnitReportReporter -->
<testsuite skipped="0" hostname="pc-37.home" name="com.omayoproject.base.BaseTest" tests="1" failures="0" timestamp="2023-10-26T10:53:40 EET" time="1.061" errors="0">
  <testcase name="test1" time="1.061" classname="com.omayoproject.base.BaseTest"/>
  <system-out/>
</testsuite> <!-- com.omayoproject.base.BaseTest -->
