<?xml version="1.0" encoding="UTF-8"?>
<!-- Generated by org.testng.reporters.JUnitReportReporter -->
<testsuite hostname="pc-5.home" failures="0" tests="1" name="com.omayoproject.rightpagetest.ImageElementTest" time="0.296" errors="0" timestamp="2023-12-03T22:17:52 EET" skipped="0">
  <testcase classname="com.omayoproject.rightpagetest.ImageElementTest" name="imageElementTest" time="0.296"/>
  <system-out/>
</testsuite> <!-- com.omayoproject.rightpagetest.ImageElementTest -->
