<?xml version="1.0" encoding="UTF-8"?>
<!-- Generated by org.testng.reporters.JUnitReportReporter -->
<testsuite hostname="pc-5.home" failures="0" tests="1" name="com.omayoproject.leftpagetest.EnabledIn10SecondsTest" time="14.667" errors="0" timestamp="2023-11-25T14:30:35 EET" skipped="0">
  <testcase classname="com.omayoproject.leftpagetest.EnabledIn10SecondsTest" name="EnableCheckBoxTest" time="14.667"/>
  <system-out/>
</testsuite> <!-- com.omayoproject.leftpagetest.EnabledIn10SecondsTest -->
