<?xml version="1.0" encoding="UTF-8"?>
<!-- Generated by org.testng.reporters.JUnitReportReporter -->
<testsuite hostname="pc-5.home" failures="0" tests="1" name="com.omayoproject.centerpagetest.LoginTest" time="0.899" errors="0" timestamp="2023-11-21T11:02:17 EET" skipped="0">
  <testcase classname="com.omayoproject.centerpagetest.LoginTest" name="loginTest" time="0.899"/>
  <system-out/>
</testsuite> <!-- com.omayoproject.centerpagetest.LoginTest -->
