<?xml version="1.0" encoding="UTF-8"?>
<!-- Generated by org.testng.reporters.JUnitReportReporter -->
<testsuite hostname="pc-5.home" failures="0" tests="1" name="com.omayoproject.centerpagetest.HTMLFormTest" time="5.483" errors="0" timestamp="2023-12-03T12:02:34 EET" skipped="0">
  <testcase classname="com.omayoproject.centerpagetest.HTMLFormTest" name="HTMLLoginTest" time="5.483"/>
  <system-out/>
</testsuite> <!-- com.omayoproject.centerpagetest.HTMLFormTest -->
