<?xml version="1.0" encoding="UTF-8"?>
<!-- Generated by org.testng.reporters.JUnitReportReporter -->
<testsuite hostname="pc-37.home" failures="0" tests="1" name="com.omayoproject.centerpagetest.Iframe1andIfram2Test" time="80.372" errors="0" timestamp="2023-11-13T09:48:09 EET" skipped="0">
  <testcase classname="com.omayoproject.centerpagetest.Iframe1andIfram2Test" name="iframe1AndIfram2Test" time="80.372"/>
  <system-out/>
</testsuite> <!-- com.omayoproject.centerpagetest.Iframe1andIfram2Test -->
