<?xml version="1.0" encoding="UTF-8"?>
<!-- Generated by org.testng.reporters.JUnitReportReporter -->
<testsuite hostname="pc-5.home" failures="0" tests="1" name="com.omayoproject.leftpagetest.OrderListTest" time="0.371" errors="0" timestamp="2023-11-22T12:41:01 EET" skipped="0">
  <testcase classname="com.omayoproject.leftpagetest.OrderListTest" name="orderListTest" time="0.371"/>
  <system-out/>
</testsuite> <!-- com.omayoproject.leftpagetest.OrderListTest -->
